<!--
This is example metadata only. Do *NOT* supply it as is without review,
and do *NOT* provide it in real time to your partners.
 -->
<md:EntityDescriptor xmlns:md="urn:oasis:names:tc:SAML:2.0:metadata" ID="_c0045678aa1b1e04e85d412f428ea95d2f627255" entityID="https://test.ukfederation.org.uk/entity">

  <md:Extensions xmlns:alg="urn:oasis:names:tc:SAML:metadata:algsupport">
    <alg:DigestMethod Algorithm="http://www.w3.org/2001/04/xmlenc#sha512"/>
    <alg:DigestMethod Algorithm="http://www.w3.org/2001/04/xmldsig-more#sha384"/>
    <alg:DigestMethod Algorithm="http://www.w3.org/2001/04/xmlenc#sha256"/>
    <alg:DigestMethod Algorithm="http://www.w3.org/2001/04/xmldsig-more#sha224"/>
    <alg:DigestMethod Algorithm="http://www.w3.org/2000/09/xmldsig#sha1"/>
    <alg:SigningMethod Algorithm="http://www.w3.org/2001/04/xmldsig-more#ecdsa-sha512"/>
    <alg:SigningMethod Algorithm="http://www.w3.org/2001/04/xmldsig-more#ecdsa-sha384"/>
    <alg:SigningMethod Algorithm="http://www.w3.org/2001/04/xmldsig-more#ecdsa-sha256"/>
    <alg:SigningMethod Algorithm="http://www.w3.org/2001/04/xmldsig-more#ecdsa-sha224"/>
    <alg:SigningMethod Algorithm="http://www.w3.org/2001/04/xmldsig-more#rsa-sha512"/>
    <alg:SigningMethod Algorithm="http://www.w3.org/2001/04/xmldsig-more#rsa-sha384"/>
    <alg:SigningMethod Algorithm="http://www.w3.org/2001/04/xmldsig-more#rsa-sha256"/>
    <alg:SigningMethod Algorithm="http://www.w3.org/2009/xmldsig11#dsa-sha256"/>
    <alg:SigningMethod Algorithm="http://www.w3.org/2001/04/xmldsig-more#ecdsa-sha1"/>
    <alg:SigningMethod Algorithm="http://www.w3.org/2000/09/xmldsig#rsa-sha1"/>
    <alg:SigningMethod Algorithm="http://www.w3.org/2000/09/xmldsig#dsa-sha1"/>
  </md:Extensions>

  <md:SPSSODescriptor protocolSupportEnumeration="urn:oasis:names:tc:SAML:2.0:protocol urn:oasis:names:tc:SAML:1.1:protocol urn:oasis:names:tc:SAML:1.0:protocol">
    <md:Extensions>
      <init:RequestInitiator xmlns:init="urn:oasis:names:tc:SAML:profiles:SSO:request-init" Binding="urn:oasis:names:tc:SAML:profiles:SSO:request-init" Location="https://test.ukfederation.org.uk/Shibboleth.sso/Login"/>
      <idpdisc:DiscoveryResponse xmlns:idpdisc="urn:oasis:names:tc:SAML:profiles:SSO:idp-discovery-protocol" Binding="urn:oasis:names:tc:SAML:profiles:SSO:idp-discovery-protocol" Location="https://test.ukfederation.org.uk/Shibboleth.sso/Login" index="1"/>
      <init:RequestInitiator xmlns:init="urn:oasis:names:tc:SAML:profiles:SSO:request-init" Binding="urn:oasis:names:tc:SAML:profiles:SSO:request-init" Location="https://test.ukfederation.org.uk/Shibboleth.sso/Login1"/>
      <init:RequestInitiator xmlns:init="urn:oasis:names:tc:SAML:profiles:SSO:request-init" Binding="urn:oasis:names:tc:SAML:profiles:SSO:request-init" Location="https://test.ukfederation.org.uk/Shibboleth.sso/DS"/>
      <init:RequestInitiator xmlns:init="urn:oasis:names:tc:SAML:profiles:SSO:request-init" Binding="urn:oasis:names:tc:SAML:profiles:SSO:request-init" Location="https://test.ukfederation.org.uk/Shibboleth.sso/UKfedWAYF"/>
      <init:RequestInitiator xmlns:init="urn:oasis:names:tc:SAML:profiles:SSO:request-init" Binding="urn:oasis:names:tc:SAML:profiles:SSO:request-init" Location="https://test.ukfederation.org.uk/Shibboleth.sso/UKfedDS"/>
      <idpdisc:DiscoveryResponse xmlns:idpdisc="urn:oasis:names:tc:SAML:profiles:SSO:idp-discovery-protocol" Binding="urn:oasis:names:tc:SAML:profiles:SSO:idp-discovery-protocol" Location="https://test.ukfederation.org.uk/Shibboleth.sso/UKfedDS" index="2"/>
      <init:RequestInitiator xmlns:init="urn:oasis:names:tc:SAML:profiles:SSO:request-init" Binding="urn:oasis:names:tc:SAML:profiles:SSO:request-init" Location="https://test.ukfederation.org.uk/Shibboleth.sso/EDS"/>
      <idpdisc:DiscoveryResponse xmlns:idpdisc="urn:oasis:names:tc:SAML:profiles:SSO:idp-discovery-protocol" Binding="urn:oasis:names:tc:SAML:profiles:SSO:idp-discovery-protocol" Location="https://test.ukfederation.org.uk/Shibboleth.sso/EDS" index="3"/>
      <init:RequestInitiator xmlns:init="urn:oasis:names:tc:SAML:profiles:SSO:request-init" Binding="urn:oasis:names:tc:SAML:profiles:SSO:request-init" Location="https://test.ukfederation.org.uk/Shibboleth.sso/Wayfinder"/>
      <idpdisc:DiscoveryResponse xmlns:idpdisc="urn:oasis:names:tc:SAML:profiles:SSO:idp-discovery-protocol" Binding="urn:oasis:names:tc:SAML:profiles:SSO:idp-discovery-protocol" Location="https://test.ukfederation.org.uk/Shibboleth.sso/Wayfinder" index="4"/>
    </md:Extensions>
    <md:KeyDescriptor>
      <ds:KeyInfo xmlns:ds="http://www.w3.org/2000/09/xmldsig#">
        <ds:KeyName>test-sp</ds:KeyName>
        <ds:X509Data>
          <ds:X509SubjectName>CN=test-sp</ds:X509SubjectName>
          <ds:X509Certificate>MIIC3DCCAcSgAwIBAgIJAN+91XVXF36VMA0GCSqGSIb3DQEBBQUAMBIxEDAOBgNV
BAMTB3Rlc3Qtc3AwHhcNMTYwNTExMTI0MTA3WhcNMjYwNTA5MTI0MTA3WjASMRAw
DgYDVQQDEwd0ZXN0LXNwMIIBIjANBgkqhkiG9w0BAQEFAAOCAQ8AMIIBCgKCAQEA
zSnEqqkjqprYaIIiO3NOMHHMtvu3T4OP3lRFRp3arNgQTu6J54dj4Ljh2R6w2oFf
NW/SXKYmHQSv9L/wo57PH47QDvHpt/fSrcG5vr5E0GJFBsKLH21ejK2IaRh58m4k
xTpncRbdLDVntHs0ZOOAzXTyM9kzwNmLHnhkl6MH0q7qiHRsOXUFMJMM8VdEFZ3p
zGrOjZ36sFysjxwBH+2YYixgJCsmDJJI8/0XCFg9KvgHgtUudru4cO2PgU4MFj9V
mV+j3vPhZP3GPMNqLBlAqDTKKw6lRIHF2hHGE1zhqU6A3QGRxhkAonPEyGMvYfFT
tSW5MW2f58B+0+A5nMKqTwIDAQABozUwMzASBgNVHREECzAJggd0ZXN0LXNwMB0G
A1UdDgQWBBQob//Wa5StNlZteESM3e54WsDovzANBgkqhkiG9w0BAQUFAAOCAQEA
iaLcK3+i8w7AzYuaDiu0I4kclZoxz1zKHyI4o7s+iTTR5xJrX+d5WRZT4f72RkDS
gEH4L/f64XUufso8ilt7vCxJOIUAAcZSxHFD/4TvBhNBha9HjzlL11kOr8VNs3OJ
FQwsV8Or5xr2T1wpcT+JN5sDNbAxx7oz/vthnAdvo98vGMMx1VJcNz7B5irg3B5M
gegI3kOm1UfZLWxjfae/uX19d8N0r8AFD3Uuw4UX/07LVZmrtvjI5LB+ju/kv8kP
ENCjwhjjXq7NUW8hgSiqqdMkFA1iH+KMAYtn2xvll1TojluWAwpYjaCjOLyJSBuV
sIV9aK2TFEhoJD6KkXUNqg==
</ds:X509Certificate>
        </ds:X509Data>
      </ds:KeyInfo>
      <md:EncryptionMethod Algorithm="http://www.w3.org/2009/xmlenc11#aes128-gcm"/>
      <md:EncryptionMethod Algorithm="http://www.w3.org/2009/xmlenc11#aes192-gcm"/>
      <md:EncryptionMethod Algorithm="http://www.w3.org/2009/xmlenc11#aes256-gcm"/>
      <md:EncryptionMethod Algorithm="http://www.w3.org/2001/04/xmlenc#aes128-cbc"/>
      <md:EncryptionMethod Algorithm="http://www.w3.org/2001/04/xmlenc#aes192-cbc"/>
      <md:EncryptionMethod Algorithm="http://www.w3.org/2001/04/xmlenc#aes256-cbc"/>
      <md:EncryptionMethod Algorithm="http://www.w3.org/2001/04/xmlenc#tripledes-cbc"/>
      <md:EncryptionMethod Algorithm="http://www.w3.org/2009/xmlenc11#rsa-oaep"/>
      <md:EncryptionMethod Algorithm="http://www.w3.org/2001/04/xmlenc#rsa-oaep-mgf1p"/>
    </md:KeyDescriptor>
    <md:ArtifactResolutionService Binding="urn:oasis:names:tc:SAML:2.0:bindings:SOAP" Location="https://test.ukfederation.org.uk/Shibboleth.sso/Artifact/SOAP" index="1"/>
    <md:SingleLogoutService Binding="urn:oasis:names:tc:SAML:2.0:bindings:SOAP" Location="https://test.ukfederation.org.uk/Shibboleth.sso/SLO/SOAP"/>
    <md:SingleLogoutService Binding="urn:oasis:names:tc:SAML:2.0:bindings:HTTP-Redirect" Location="https://test.ukfederation.org.uk/Shibboleth.sso/SLO/Redirect"/>
    <md:SingleLogoutService Binding="urn:oasis:names:tc:SAML:2.0:bindings:HTTP-POST" Location="https://test.ukfederation.org.uk/Shibboleth.sso/SLO/POST"/>
    <md:SingleLogoutService Binding="urn:oasis:names:tc:SAML:2.0:bindings:HTTP-Artifact" Location="https://test.ukfederation.org.uk/Shibboleth.sso/SLO/Artifact"/>
    <md:AssertionConsumerService Binding="urn:oasis:names:tc:SAML:2.0:bindings:HTTP-POST" Location="https://test.ukfederation.org.uk/Shibboleth.sso/SAML2/POST" index="1"/>
    <md:AssertionConsumerService Binding="urn:oasis:names:tc:SAML:2.0:bindings:HTTP-POST-SimpleSign" Location="https://test.ukfederation.org.uk/Shibboleth.sso/SAML2/POST-SimpleSign" index="2"/>
    <md:AssertionConsumerService Binding="urn:oasis:names:tc:SAML:2.0:bindings:HTTP-Artifact" Location="https://test.ukfederation.org.uk/Shibboleth.sso/SAML2/Artifact" index="3"/>
    <md:AssertionConsumerService Binding="urn:oasis:names:tc:SAML:2.0:bindings:PAOS" Location="https://test.ukfederation.org.uk/Shibboleth.sso/SAML2/ECP" index="4"/>
    <md:AssertionConsumerService Binding="urn:oasis:names:tc:SAML:1.0:profiles:browser-post" Location="https://test.ukfederation.org.uk/Shibboleth.sso/SAML/POST" index="5"/>
    <md:AssertionConsumerService Binding="urn:oasis:names:tc:SAML:1.0:profiles:artifact-01" Location="https://test.ukfederation.org.uk/Shibboleth.sso/SAML/Artifact" index="6"/>
  <md:AttributeConsumingService index="1" isDefault="true">
    <md:ServiceName xml:lang="en">English e-learning</md:ServiceName>
    <md:ServiceName xml:lang="en">英語e-learning</md:ServiceName>
    <md:ServiceDescription xml:lang="en">English e-learning</md:ServiceDescription>
    <md:ServiceDescription xml:lang="en">英語e-learning</md:ServiceDescription>
    <md:RequestedAttribute FriendlyName="eduPersonScopedAffiliation"
                Name="urn:oid:1.3.6.1.4.1.5923.1.1.1.9"
                NameFormat="urn:oasis:names:tc:SAML:2.0:attrname-format:uri"/>
  </md:AttributeConsumingService>
  </md:SPSSODescriptor>

</md:EntityDescriptor>
